[2024-12-30 10:25:03] local.ERROR: NewsAPI error for category business: {"status":"error","code":"apiKeyMissing","message":"Your API key is missing. Append this to the URL with the apiKey param, or use the x-api-key HTTP header."}  
[2024-12-30 10:25:03] local.ERROR: NewsAPI error for category entertainment: {"status":"error","code":"apiKeyMissing","message":"Your API key is missing. Append this to the URL with the apiKey param, or use the x-api-key HTTP header."}  
[2024-12-30 10:25:03] local.ERROR: NewsAPI error for category general: {"status":"error","code":"apiKeyMissing","message":"Your API key is missing. Append this to the URL with the apiKey param, or use the x-api-key HTTP header."}  
[2024-12-30 10:25:03] local.ERROR: NewsAPI error for category health: {"status":"error","code":"apiKeyMissing","message":"Your API key is missing. Append this to the URL with the apiKey param, or use the x-api-key HTTP header."}  
[2024-12-30 10:25:04] local.ERROR: NewsAPI error for category science: {"status":"error","code":"apiKeyMissing","message":"Your API key is missing. Append this to the URL with the apiKey param, or use the x-api-key HTTP header."}  
[2024-12-30 10:25:04] local.ERROR: NewsAPI error for category sports: {"status":"error","code":"apiKeyMissing","message":"Your API key is missing. Append this to the URL with the apiKey param, or use the x-api-key HTTP header."}  
[2024-12-30 10:25:05] local.ERROR: NewsAPI error for category technology: {"status":"error","code":"apiKeyMissing","message":"Your API key is missing. Append this to the URL with the apiKey param, or use the x-api-key HTTP header."}  
[2024-12-30 10:25:06] local.INFO: Sending request to NYT API {"url":"https://api.nytimes.com/svc/topstories/v2/home.json","params":{"api-key":null}} 
[2024-12-30 10:25:07] local.ERROR: Failed to fetch NYT top stories for section home: {"fault":{"faultstring":"Failed to resolve API Key variable request.queryparam.api-key","detail":{"errorcode":"steps.oauth.v2.FailedToResolveAPIKey"}}}  
[2024-12-30 10:25:07] local.ERROR: Failed to fetch NYT articles for section home. Response: null  
[2024-12-30 10:25:07] local.INFO: Sending request to NYT API {"url":"https://api.nytimes.com/svc/topstories/v2/world.json","params":{"api-key":null}} 
[2024-12-30 10:25:08] local.ERROR: Failed to fetch NYT top stories for section world: {"fault":{"faultstring":"Failed to resolve API Key variable request.queryparam.api-key","detail":{"errorcode":"steps.oauth.v2.FailedToResolveAPIKey"}}}  
[2024-12-30 10:25:08] local.ERROR: Failed to fetch NYT articles for section world. Response: null  
[2024-12-30 10:25:08] local.INFO: Sending request to NYT API {"url":"https://api.nytimes.com/svc/topstories/v2/politics.json","params":{"api-key":null}} 
[2024-12-30 10:25:08] local.ERROR: Failed to fetch NYT top stories for section politics: {"fault":{"faultstring":"Failed to resolve API Key variable request.queryparam.api-key","detail":{"errorcode":"steps.oauth.v2.FailedToResolveAPIKey"}}}  
[2024-12-30 10:25:08] local.ERROR: Failed to fetch NYT articles for section politics. Response: null  
[2024-12-30 10:25:08] local.INFO: Sending request to NYT API {"url":"https://api.nytimes.com/svc/topstories/v2/technology.json","params":{"api-key":null}} 
[2024-12-30 10:25:09] local.ERROR: Failed to fetch NYT top stories for section technology: {"fault":{"faultstring":"Failed to resolve API Key variable request.queryparam.api-key","detail":{"errorcode":"steps.oauth.v2.FailedToResolveAPIKey"}}}  
[2024-12-30 10:25:09] local.ERROR: Failed to fetch NYT articles for section technology. Response: null  
[2024-12-30 10:25:09] local.INFO: Sending request to NYT API {"url":"https://api.nytimes.com/svc/topstories/v2/health.json","params":{"api-key":null}} 
[2024-12-30 10:25:10] local.ERROR: Failed to fetch NYT top stories for section health: {"fault":{"faultstring":"Failed to resolve API Key variable request.queryparam.api-key","detail":{"errorcode":"steps.oauth.v2.FailedToResolveAPIKey"}}}  
[2024-12-30 10:25:10] local.ERROR: Failed to fetch NYT articles for section health. Response: null  
[2024-12-30 10:25:10] local.INFO: Sending request to NYT API {"url":"https://api.nytimes.com/svc/topstories/v2/science.json","params":{"api-key":null}} 
[2024-12-30 10:25:11] local.ERROR: Failed to fetch NYT top stories for section science: {"fault":{"faultstring":"Failed to resolve API Key variable request.queryparam.api-key","detail":{"errorcode":"steps.oauth.v2.FailedToResolveAPIKey"}}}  
[2024-12-30 10:25:11] local.ERROR: Failed to fetch NYT articles for section science. Response: null  
[2024-12-30 10:25:11] local.INFO: Sending request to NYT API {"url":"https://api.nytimes.com/svc/topstories/v2/sports.json","params":{"api-key":null}} 
[2024-12-30 10:25:11] local.ERROR: Failed to fetch NYT top stories for section sports: {"fault":{"faultstring":"Failed to resolve API Key variable request.queryparam.api-key","detail":{"errorcode":"steps.oauth.v2.FailedToResolveAPIKey"}}}  
[2024-12-30 10:25:11] local.ERROR: Failed to fetch NYT articles for section sports. Response: null  
[2024-12-30 10:25:13] local.ERROR: Failed to fetch articles from The Guardian: {
  "message":"No API key found in request"
}  
[2024-12-30 10:25:13] local.ERROR: Failed to fetch articles for category business. Response: null  
[2024-12-30 10:25:14] local.ERROR: Failed to fetch articles from The Guardian: {
  "message":"No API key found in request"
}  
[2024-12-30 10:25:14] local.ERROR: Failed to fetch articles for category entertainment. Response: null  
[2024-12-30 10:25:14] local.ERROR: Failed to fetch articles from The Guardian: {
  "message":"No API key found in request"
}  
[2024-12-30 10:25:14] local.ERROR: Failed to fetch articles for category general. Response: null  
[2024-12-30 10:25:14] local.ERROR: Failed to fetch articles from The Guardian: {
  "message":"No API key found in request"
}  
[2024-12-30 10:25:14] local.ERROR: Failed to fetch articles for category health. Response: null  
[2024-12-30 10:25:15] local.ERROR: Failed to fetch articles from The Guardian: {
  "message":"No API key found in request"
}  
[2024-12-30 10:25:15] local.ERROR: Failed to fetch articles for category science. Response: null  
[2024-12-30 10:25:15] local.ERROR: Failed to fetch articles from The Guardian: {
  "message":"No API key found in request"
}  
[2024-12-30 10:25:15] local.ERROR: Failed to fetch articles for category sports. Response: null  
[2024-12-30 10:25:15] local.ERROR: Failed to fetch articles from The Guardian: {
  "message":"No API key found in request"
}  
[2024-12-30 10:25:15] local.ERROR: Failed to fetch articles for category technology. Response: null  
[2024-12-30 10:26:02] local.ERROR: NewsAPI error for category business: {"status":"error","code":"apiKeyMissing","message":"Your API key is missing. Append this to the URL with the apiKey param, or use the x-api-key HTTP header."}  
[2024-12-30 10:26:02] local.ERROR: NewsAPI error for category entertainment: {"status":"error","code":"apiKeyMissing","message":"Your API key is missing. Append this to the URL with the apiKey param, or use the x-api-key HTTP header."}  
[2024-12-30 10:26:03] local.ERROR: NewsAPI error for category general: {"status":"error","code":"apiKeyMissing","message":"Your API key is missing. Append this to the URL with the apiKey param, or use the x-api-key HTTP header."}  
[2024-12-30 10:26:03] local.ERROR: NewsAPI error for category health: {"status":"error","code":"apiKeyMissing","message":"Your API key is missing. Append this to the URL with the apiKey param, or use the x-api-key HTTP header."}  
[2024-12-30 10:26:03] local.ERROR: NewsAPI error for category science: {"status":"error","code":"apiKeyMissing","message":"Your API key is missing. Append this to the URL with the apiKey param, or use the x-api-key HTTP header."}  
[2024-12-30 10:26:04] local.ERROR: NewsAPI error for category sports: {"status":"error","code":"apiKeyMissing","message":"Your API key is missing. Append this to the URL with the apiKey param, or use the x-api-key HTTP header."}  
[2024-12-30 10:26:04] local.ERROR: NewsAPI error for category technology: {"status":"error","code":"apiKeyMissing","message":"Your API key is missing. Append this to the URL with the apiKey param, or use the x-api-key HTTP header."}  
[2024-12-30 10:26:06] local.ERROR: Failed to fetch articles from The Guardian: {
  "message":"No API key found in request"
}  
[2024-12-30 10:26:06] local.ERROR: Failed to fetch articles for category business. Response: null  
[2024-12-30 10:26:06] local.ERROR: Failed to fetch articles from The Guardian: {
  "message":"No API key found in request"
}  
[2024-12-30 10:26:06] local.ERROR: Failed to fetch articles for category entertainment. Response: null  
[2024-12-30 10:26:06] local.ERROR: Failed to fetch articles from The Guardian: {
  "message":"No API key found in request"
}  
[2024-12-30 10:26:06] local.ERROR: Failed to fetch articles for category general. Response: null  
[2024-12-30 10:26:07] local.ERROR: Failed to fetch articles from The Guardian: {
  "message":"No API key found in request"
}  
[2024-12-30 10:26:07] local.ERROR: Failed to fetch articles for category health. Response: null  
[2024-12-30 10:26:07] local.ERROR: Failed to fetch articles from The Guardian: {
  "message":"No API key found in request"
}  
[2024-12-30 10:26:07] local.ERROR: Failed to fetch articles for category science. Response: null  
[2024-12-30 10:26:07] local.ERROR: Failed to fetch articles from The Guardian: {
  "message":"No API key found in request"
}  
[2024-12-30 10:26:07] local.ERROR: Failed to fetch articles for category sports. Response: null  
[2024-12-30 10:26:08] local.ERROR: Failed to fetch articles from The Guardian: {
  "message":"No API key found in request"
}  
[2024-12-30 10:26:08] local.ERROR: Failed to fetch articles for category technology. Response: null  
[2024-12-30 10:26:09] local.INFO: Sending request to NYT API {"url":"https://api.nytimes.com/svc/topstories/v2/home.json","params":{"api-key":null}} 
[2024-12-30 10:26:10] local.ERROR: Failed to fetch NYT top stories for section home: {"fault":{"faultstring":"Failed to resolve API Key variable request.queryparam.api-key","detail":{"errorcode":"steps.oauth.v2.FailedToResolveAPIKey"}}}  
[2024-12-30 10:26:10] local.ERROR: Failed to fetch NYT articles for section home. Response: null  
[2024-12-30 10:26:10] local.INFO: Sending request to NYT API {"url":"https://api.nytimes.com/svc/topstories/v2/world.json","params":{"api-key":null}} 
[2024-12-30 10:26:11] local.ERROR: Failed to fetch NYT top stories for section world: {"fault":{"faultstring":"Failed to resolve API Key variable request.queryparam.api-key","detail":{"errorcode":"steps.oauth.v2.FailedToResolveAPIKey"}}}  
[2024-12-30 10:26:11] local.ERROR: Failed to fetch NYT articles for section world. Response: null  
[2024-12-30 10:26:11] local.INFO: Sending request to NYT API {"url":"https://api.nytimes.com/svc/topstories/v2/politics.json","params":{"api-key":null}} 
[2024-12-30 10:26:11] local.ERROR: Failed to fetch NYT top stories for section politics: {"fault":{"faultstring":"Failed to resolve API Key variable request.queryparam.api-key","detail":{"errorcode":"steps.oauth.v2.FailedToResolveAPIKey"}}}  
[2024-12-30 10:26:11] local.ERROR: Failed to fetch NYT articles for section politics. Response: null  
[2024-12-30 10:26:11] local.INFO: Sending request to NYT API {"url":"https://api.nytimes.com/svc/topstories/v2/technology.json","params":{"api-key":null}} 
[2024-12-30 10:26:12] local.ERROR: Failed to fetch NYT top stories for section technology: {"fault":{"faultstring":"Failed to resolve API Key variable request.queryparam.api-key","detail":{"errorcode":"steps.oauth.v2.FailedToResolveAPIKey"}}}  
[2024-12-30 10:26:12] local.ERROR: Failed to fetch NYT articles for section technology. Response: null  
[2024-12-30 10:26:12] local.INFO: Sending request to NYT API {"url":"https://api.nytimes.com/svc/topstories/v2/health.json","params":{"api-key":null}} 
[2024-12-30 10:26:13] local.ERROR: Failed to fetch NYT top stories for section health: {"fault":{"faultstring":"Failed to resolve API Key variable request.queryparam.api-key","detail":{"errorcode":"steps.oauth.v2.FailedToResolveAPIKey"}}}  
[2024-12-30 10:26:13] local.ERROR: Failed to fetch NYT articles for section health. Response: null  
[2024-12-30 10:26:13] local.INFO: Sending request to NYT API {"url":"https://api.nytimes.com/svc/topstories/v2/science.json","params":{"api-key":null}} 
[2024-12-30 10:26:14] local.ERROR: Failed to fetch NYT top stories for section science: {"fault":{"faultstring":"Failed to resolve API Key variable request.queryparam.api-key","detail":{"errorcode":"steps.oauth.v2.FailedToResolveAPIKey"}}}  
[2024-12-30 10:26:14] local.ERROR: Failed to fetch NYT articles for section science. Response: null  
[2024-12-30 10:26:14] local.INFO: Sending request to NYT API {"url":"https://api.nytimes.com/svc/topstories/v2/sports.json","params":{"api-key":null}} 
[2024-12-30 10:26:14] local.ERROR: Failed to fetch NYT top stories for section sports: {"fault":{"faultstring":"Failed to resolve API Key variable request.queryparam.api-key","detail":{"errorcode":"steps.oauth.v2.FailedToResolveAPIKey"}}}  
[2024-12-30 10:26:14] local.ERROR: Failed to fetch NYT articles for section sports. Response: null  
[2024-12-30 10:27:03] local.INFO: Sending request to NYT API {"url":"https://api.nytimes.com/svc/topstories/v2/home.json","params":{"api-key":null}} 
[2024-12-30 10:27:04] local.ERROR: Failed to fetch NYT top stories for section home: {"fault":{"faultstring":"Failed to resolve API Key variable request.queryparam.api-key","detail":{"errorcode":"steps.oauth.v2.FailedToResolveAPIKey"}}}  
[2024-12-30 10:27:04] local.ERROR: Failed to fetch NYT articles for section home. Response: null  
[2024-12-30 10:27:04] local.INFO: Sending request to NYT API {"url":"https://api.nytimes.com/svc/topstories/v2/world.json","params":{"api-key":null}} 
[2024-12-30 10:27:04] local.ERROR: Failed to fetch NYT top stories for section world: {"fault":{"faultstring":"Failed to resolve API Key variable request.queryparam.api-key","detail":{"errorcode":"steps.oauth.v2.FailedToResolveAPIKey"}}}  
[2024-12-30 10:27:04] local.ERROR: Failed to fetch NYT articles for section world. Response: null  
[2024-12-30 10:27:04] local.INFO: Sending request to NYT API {"url":"https://api.nytimes.com/svc/topstories/v2/politics.json","params":{"api-key":null}} 
[2024-12-30 10:27:05] local.ERROR: Failed to fetch NYT top stories for section politics: {"fault":{"faultstring":"Failed to resolve API Key variable request.queryparam.api-key","detail":{"errorcode":"steps.oauth.v2.FailedToResolveAPIKey"}}}  
[2024-12-30 10:27:05] local.ERROR: Failed to fetch NYT articles for section politics. Response: null  
[2024-12-30 10:27:05] local.INFO: Sending request to NYT API {"url":"https://api.nytimes.com/svc/topstories/v2/technology.json","params":{"api-key":null}} 
[2024-12-30 10:27:06] local.ERROR: Failed to fetch NYT top stories for section technology: {"fault":{"faultstring":"Failed to resolve API Key variable request.queryparam.api-key","detail":{"errorcode":"steps.oauth.v2.FailedToResolveAPIKey"}}}  
[2024-12-30 10:27:06] local.ERROR: Failed to fetch NYT articles for section technology. Response: null  
[2024-12-30 10:27:06] local.INFO: Sending request to NYT API {"url":"https://api.nytimes.com/svc/topstories/v2/health.json","params":{"api-key":null}} 
[2024-12-30 10:27:07] local.ERROR: Failed to fetch NYT top stories for section health: {"fault":{"faultstring":"Failed to resolve API Key variable request.queryparam.api-key","detail":{"errorcode":"steps.oauth.v2.FailedToResolveAPIKey"}}}  
[2024-12-30 10:27:07] local.ERROR: Failed to fetch NYT articles for section health. Response: null  
[2024-12-30 10:27:07] local.INFO: Sending request to NYT API {"url":"https://api.nytimes.com/svc/topstories/v2/science.json","params":{"api-key":null}} 
[2024-12-30 10:27:07] local.ERROR: Failed to fetch NYT top stories for section science: {"fault":{"faultstring":"Failed to resolve API Key variable request.queryparam.api-key","detail":{"errorcode":"steps.oauth.v2.FailedToResolveAPIKey"}}}  
[2024-12-30 10:27:07] local.ERROR: Failed to fetch NYT articles for section science. Response: null  
[2024-12-30 10:27:07] local.INFO: Sending request to NYT API {"url":"https://api.nytimes.com/svc/topstories/v2/sports.json","params":{"api-key":null}} 
[2024-12-30 10:27:08] local.ERROR: Failed to fetch NYT top stories for section sports: {"fault":{"faultstring":"Failed to resolve API Key variable request.queryparam.api-key","detail":{"errorcode":"steps.oauth.v2.FailedToResolveAPIKey"}}}  
[2024-12-30 10:27:08] local.ERROR: Failed to fetch NYT articles for section sports. Response: null  
[2024-12-30 10:27:10] local.ERROR: Failed to fetch articles from The Guardian: {
  "message":"No API key found in request"
}  
[2024-12-30 10:27:10] local.ERROR: Failed to fetch articles for category business. Response: null  
[2024-12-30 10:27:11] local.ERROR: Failed to fetch articles from The Guardian: {
  "message":"No API key found in request"
}  
[2024-12-30 10:27:11] local.ERROR: Failed to fetch articles for category entertainment. Response: null  
[2024-12-30 10:27:11] local.ERROR: Failed to fetch articles from The Guardian: {
  "message":"No API key found in request"
}  
[2024-12-30 10:27:11] local.ERROR: Failed to fetch articles for category general. Response: null  
[2024-12-30 10:27:11] local.ERROR: Failed to fetch articles from The Guardian: {
  "message":"No API key found in request"
}  
[2024-12-30 10:27:11] local.ERROR: Failed to fetch articles for category health. Response: null  
[2024-12-30 10:27:12] local.ERROR: Failed to fetch articles from The Guardian: {
  "message":"No API key found in request"
}  
[2024-12-30 10:27:12] local.ERROR: Failed to fetch articles for category science. Response: null  
[2024-12-30 10:27:12] local.ERROR: Failed to fetch articles from The Guardian: {
  "message":"No API key found in request"
}  
[2024-12-30 10:27:12] local.ERROR: Failed to fetch articles for category sports. Response: null  
[2024-12-30 10:27:12] local.ERROR: Failed to fetch articles from The Guardian: {
  "message":"No API key found in request"
}  
[2024-12-30 10:27:12] local.ERROR: Failed to fetch articles for category technology. Response: null  
[2024-12-30 10:27:15] local.ERROR: NewsAPI error for category business: {"status":"error","code":"apiKeyMissing","message":"Your API key is missing. Append this to the URL with the apiKey param, or use the x-api-key HTTP header."}  
[2024-12-30 10:27:15] local.ERROR: NewsAPI error for category entertainment: {"status":"error","code":"apiKeyMissing","message":"Your API key is missing. Append this to the URL with the apiKey param, or use the x-api-key HTTP header."}  
[2024-12-30 10:27:15] local.ERROR: NewsAPI error for category general: {"status":"error","code":"apiKeyMissing","message":"Your API key is missing. Append this to the URL with the apiKey param, or use the x-api-key HTTP header."}  
[2024-12-30 10:27:16] local.ERROR: NewsAPI error for category health: {"status":"error","code":"apiKeyMissing","message":"Your API key is missing. Append this to the URL with the apiKey param, or use the x-api-key HTTP header."}  
[2024-12-30 10:27:16] local.ERROR: NewsAPI error for category science: {"status":"error","code":"apiKeyMissing","message":"Your API key is missing. Append this to the URL with the apiKey param, or use the x-api-key HTTP header."}  
[2024-12-30 10:27:16] local.ERROR: NewsAPI error for category sports: {"status":"error","code":"apiKeyMissing","message":"Your API key is missing. Append this to the URL with the apiKey param, or use the x-api-key HTTP header."}  
[2024-12-30 10:27:17] local.ERROR: NewsAPI error for category technology: {"status":"error","code":"apiKeyMissing","message":"Your API key is missing. Append this to the URL with the apiKey param, or use the x-api-key HTTP header."}  
[2024-12-30 10:31:03] local.INFO: Sending request to NYT API {"url":"https://api.nytimes.com/svc/topstories/v2/home.json","params":{"api-key":null}} 
[2024-12-30 10:31:04] local.ERROR: Failed to fetch NYT top stories for section home: {"fault":{"faultstring":"Failed to resolve API Key variable request.queryparam.api-key","detail":{"errorcode":"steps.oauth.v2.FailedToResolveAPIKey"}}}  
[2024-12-30 10:31:04] local.ERROR: Failed to fetch NYT articles for section home. Response: null  
[2024-12-30 10:31:04] local.INFO: Sending request to NYT API {"url":"https://api.nytimes.com/svc/topstories/v2/world.json","params":{"api-key":null}} 
[2024-12-30 10:31:05] local.ERROR: Failed to fetch NYT top stories for section world: {"fault":{"faultstring":"Failed to resolve API Key variable request.queryparam.api-key","detail":{"errorcode":"steps.oauth.v2.FailedToResolveAPIKey"}}}  
[2024-12-30 10:31:05] local.ERROR: Failed to fetch NYT articles for section world. Response: null  
[2024-12-30 10:31:05] local.INFO: Sending request to NYT API {"url":"https://api.nytimes.com/svc/topstories/v2/politics.json","params":{"api-key":null}} 
[2024-12-30 10:31:06] local.ERROR: Failed to fetch NYT top stories for section politics: {"fault":{"faultstring":"Failed to resolve API Key variable request.queryparam.api-key","detail":{"errorcode":"steps.oauth.v2.FailedToResolveAPIKey"}}}  
[2024-12-30 10:31:06] local.ERROR: Failed to fetch NYT articles for section politics. Response: null  
[2024-12-30 10:31:06] local.INFO: Sending request to NYT API {"url":"https://api.nytimes.com/svc/topstories/v2/technology.json","params":{"api-key":null}} 
[2024-12-30 10:31:06] local.ERROR: Failed to fetch NYT top stories for section technology: {"fault":{"faultstring":"Failed to resolve API Key variable request.queryparam.api-key","detail":{"errorcode":"steps.oauth.v2.FailedToResolveAPIKey"}}}  
[2024-12-30 10:31:06] local.ERROR: Failed to fetch NYT articles for section technology. Response: null  
[2024-12-30 10:31:06] local.INFO: Sending request to NYT API {"url":"https://api.nytimes.com/svc/topstories/v2/health.json","params":{"api-key":null}} 
[2024-12-30 10:31:07] local.ERROR: Failed to fetch NYT top stories for section health: {"fault":{"faultstring":"Failed to resolve API Key variable request.queryparam.api-key","detail":{"errorcode":"steps.oauth.v2.FailedToResolveAPIKey"}}}  
[2024-12-30 10:31:07] local.ERROR: Failed to fetch NYT articles for section health. Response: null  
[2024-12-30 10:31:07] local.INFO: Sending request to NYT API {"url":"https://api.nytimes.com/svc/topstories/v2/science.json","params":{"api-key":null}} 
[2024-12-30 10:31:08] local.ERROR: Failed to fetch NYT top stories for section science: {"fault":{"faultstring":"Failed to resolve API Key variable request.queryparam.api-key","detail":{"errorcode":"steps.oauth.v2.FailedToResolveAPIKey"}}}  
[2024-12-30 10:31:08] local.ERROR: Failed to fetch NYT articles for section science. Response: null  
[2024-12-30 10:31:08] local.INFO: Sending request to NYT API {"url":"https://api.nytimes.com/svc/topstories/v2/sports.json","params":{"api-key":null}} 
[2024-12-30 10:31:09] local.ERROR: Failed to fetch NYT top stories for section sports: {"fault":{"faultstring":"Failed to resolve API Key variable request.queryparam.api-key","detail":{"errorcode":"steps.oauth.v2.FailedToResolveAPIKey"}}}  
[2024-12-30 10:31:09] local.ERROR: Failed to fetch NYT articles for section sports. Response: null  
[2024-12-30 10:31:11] local.ERROR: Failed to fetch articles from The Guardian: {
  "message":"No API key found in request"
}  
[2024-12-30 10:31:11] local.ERROR: Failed to fetch articles for category business. Response: null  
[2024-12-30 10:31:11] local.ERROR: Failed to fetch articles from The Guardian: {
  "message":"No API key found in request"
}  
[2024-12-30 10:31:11] local.ERROR: Failed to fetch articles for category entertainment. Response: null  
[2024-12-30 10:31:12] local.ERROR: Failed to fetch articles from The Guardian: {
  "message":"No API key found in request"
}  
[2024-12-30 10:31:12] local.ERROR: Failed to fetch articles for category general. Response: null  
[2024-12-30 10:31:12] local.ERROR: Failed to fetch articles from The Guardian: {
  "message":"No API key found in request"
}  
[2024-12-30 10:31:12] local.ERROR: Failed to fetch articles for category health. Response: null  
[2024-12-30 10:31:12] local.ERROR: Failed to fetch articles from The Guardian: {
  "message":"No API key found in request"
}  
[2024-12-30 10:31:12] local.ERROR: Failed to fetch articles for category science. Response: null  
[2024-12-30 10:31:13] local.ERROR: Failed to fetch articles from The Guardian: {
  "message":"No API key found in request"
}  
[2024-12-30 10:31:13] local.ERROR: Failed to fetch articles for category sports. Response: null  
[2024-12-30 10:31:13] local.ERROR: Failed to fetch articles from The Guardian: {
  "message":"No API key found in request"
}  
[2024-12-30 10:31:13] local.ERROR: Failed to fetch articles for category technology. Response: null  
[2024-12-30 10:31:15] local.ERROR: NewsAPI error for category business: {"status":"error","code":"apiKeyMissing","message":"Your API key is missing. Append this to the URL with the apiKey param, or use the x-api-key HTTP header."}  
[2024-12-30 10:31:15] local.ERROR: NewsAPI error for category entertainment: {"status":"error","code":"apiKeyMissing","message":"Your API key is missing. Append this to the URL with the apiKey param, or use the x-api-key HTTP header."}  
[2024-12-30 10:31:16] local.ERROR: NewsAPI error for category general: {"status":"error","code":"apiKeyMissing","message":"Your API key is missing. Append this to the URL with the apiKey param, or use the x-api-key HTTP header."}  
[2024-12-30 10:31:16] local.ERROR: NewsAPI error for category health: {"status":"error","code":"apiKeyMissing","message":"Your API key is missing. Append this to the URL with the apiKey param, or use the x-api-key HTTP header."}  
[2024-12-30 10:31:16] local.ERROR: NewsAPI error for category science: {"status":"error","code":"apiKeyMissing","message":"Your API key is missing. Append this to the URL with the apiKey param, or use the x-api-key HTTP header."}  
[2024-12-30 10:31:16] local.ERROR: NewsAPI error for category sports: {"status":"error","code":"apiKeyMissing","message":"Your API key is missing. Append this to the URL with the apiKey param, or use the x-api-key HTTP header."}  
[2024-12-30 10:31:17] local.ERROR: NewsAPI error for category technology: {"status":"error","code":"apiKeyMissing","message":"Your API key is missing. Append this to the URL with the apiKey param, or use the x-api-key HTTP header."}  
[2024-12-30 10:31:18] local.ERROR: View [welcome] not found. {"exception":"[object] (InvalidArgumentException(code: 0): View [welcome] not found. at /var/www/vendor/laravel/framework/src/Illuminate/View/FileViewFinder.php:139)
[stacktrace]
#0 /var/www/vendor/laravel/framework/src/Illuminate/View/FileViewFinder.php(79): Illuminate\\View\\FileViewFinder->findInPaths('welcome', Array)
#1 /var/www/vendor/laravel/framework/src/Illuminate/View/Factory.php(151): Illuminate\\View\\FileViewFinder->find('welcome')
#2 /var/www/vendor/laravel/framework/src/Illuminate/Foundation/helpers.php(1062): Illuminate\\View\\Factory->make('welcome', Array, Array)
#3 /var/www/routes/web.php(11): view('welcome')
#4 /var/www/vendor/laravel/framework/src/Illuminate/Routing/CallableDispatcher.php(40): Illuminate\\Routing\\RouteFileRegistrar->{closure}()
#5 /var/www/vendor/laravel/framework/src/Illuminate/Routing/Route.php(244): Illuminate\\Routing\\CallableDispatcher->dispatch(Object(Illuminate\\Routing\\Route), Object(Closure))
#6 /var/www/vendor/laravel/framework/src/Illuminate/Routing/Route.php(215): Illuminate\\Routing\\Route->runCallable()
#7 /var/www/vendor/laravel/framework/src/Illuminate/Routing/Router.php(808): Illuminate\\Routing\\Route->run()
#8 /var/www/vendor/laravel/framework/src/Illuminate/Pipeline/Pipeline.php(144): Illuminate\\Routing\\Router->Illuminate\\Routing\\{closure}(Object(Illuminate\\Http\\Request))
#9 /var/www/app/Http/Middleware/CorsMiddleware.php(13): Illuminate\\Pipeline\\Pipeline->Illuminate\\Pipeline\\{closure}(Object(Illuminate\\Http\\Request))
#10 /var/www/vendor/laravel/framework/src/Illuminate/Pipeline/Pipeline.php(183): App\\Http\\Middleware\\CorsMiddleware->handle(Object(Illuminate\\Http\\Request), Object(Closure))
#11 /var/www/vendor/laravel/framework/src/Illuminate/Routing/Middleware/SubstituteBindings.php(51): Illuminate\\Pipeline\\Pipeline->Illuminate\\Pipeline\\{closure}(Object(Illuminate\\Http\\Request))
#12 /var/www/vendor/laravel/framework/src/Illuminate/Pipeline/Pipeline.php(183): Illuminate\\Routing\\Middleware\\SubstituteBindings->handle(Object(Illuminate\\Http\\Request), Object(Closure))
#13 /var/www/vendor/laravel/framework/src/Illuminate/Foundation/Http/Middleware/VerifyCsrfToken.php(88): Illuminate\\Pipeline\\Pipeline->Illuminate\\Pipeline\\{closure}(Object(Illuminate\\Http\\Request))
#14 /var/www/vendor/laravel/framework/src/Illuminate/Pipeline/Pipeline.php(183): Illuminate\\Foundation\\Http\\Middleware\\VerifyCsrfToken->handle(Object(Illuminate\\Http\\Request), Object(Closure))
#15 /var/www/vendor/laravel/framework/src/Illuminate/View/Middleware/ShareErrorsFromSession.php(49): Illuminate\\Pipeline\\Pipeline->Illuminate\\Pipeline\\{closure}(Object(Illuminate\\Http\\Request))
#16 /var/www/vendor/laravel/framework/src/Illuminate/Pipeline/Pipeline.php(183): Illuminate\\View\\Middleware\\ShareErrorsFromSession->handle(Object(Illuminate\\Http\\Request), Object(Closure))
#17 /var/www/vendor/laravel/framework/src/Illuminate/Session/Middleware/StartSession.php(121): Illuminate\\Pipeline\\Pipeline->Illuminate\\Pipeline\\{closure}(Object(Illuminate\\Http\\Request))
#18 /var/www/vendor/laravel/framework/src/Illuminate/Session/Middleware/StartSession.php(64): Illuminate\\Session\\Middleware\\StartSession->handleStatefulRequest(Object(Illuminate\\Http\\Request), Object(Illuminate\\Session\\Store), Object(Closure))
#19 /var/www/vendor/laravel/framework/src/Illuminate/Pipeline/Pipeline.php(183): Illuminate\\Session\\Middleware\\StartSession->handle(Object(Illuminate\\Http\\Request), Object(Closure))
#20 /var/www/vendor/laravel/framework/src/Illuminate/Cookie/Middleware/AddQueuedCookiesToResponse.php(37): Illuminate\\Pipeline\\Pipeline->Illuminate\\Pipeline\\{closure}(Object(Illuminate\\Http\\Request))
#21 /var/www/vendor/laravel/framework/src/Illuminate/Pipeline/Pipeline.php(183): Illuminate\\Cookie\\Middleware\\AddQueuedCookiesToResponse->handle(Object(Illuminate\\Http\\Request), Object(Closure))
#22 /var/www/vendor/laravel/framework/src/Illuminate/Cookie/Middleware/EncryptCookies.php(75): Illuminate\\Pipeline\\Pipeline->Illuminate\\Pipeline\\{closure}(Object(Illuminate\\Http\\Request))
#23 /var/www/vendor/laravel/framework/src/Illuminate/Pipeline/Pipeline.php(183): Illuminate\\Cookie\\Middleware\\EncryptCookies->handle(Object(Illuminate\\Http\\Request), Object(Closure))
#24 /var/www/vendor/laravel/framework/src/Illuminate/Pipeline/Pipeline.php(119): Illuminate\\Pipeline\\Pipeline->Illuminate\\Pipeline\\{closure}(Object(Illuminate\\Http\\Request))
#25 /var/www/vendor/laravel/framework/src/Illuminate/Routing/Router.php(807): Illuminate\\Pipeline\\Pipeline->then(Object(Closure))
#26 /var/www/vendor/laravel/framework/src/Illuminate/Routing/Router.php(786): Illuminate\\Routing\\Router->runRouteWithinStack(Object(Illuminate\\Routing\\Route), Object(Illuminate\\Http\\Request))
#27 /var/www/vendor/laravel/framework/src/Illuminate/Routing/Router.php(750): Illuminate\\Routing\\Router->runRoute(Object(Illuminate\\Http\\Request), Object(Illuminate\\Routing\\Route))
#28 /var/www/vendor/laravel/framework/src/Illuminate/Routing/Router.php(739): Illuminate\\Routing\\Router->dispatchToRoute(Object(Illuminate\\Http\\Request))
#29 /var/www/vendor/laravel/framework/src/Illuminate/Foundation/Http/Kernel.php(201): Illuminate\\Routing\\Router->dispatch(Object(Illuminate\\Http\\Request))
#30 /var/www/vendor/laravel/framework/src/Illuminate/Pipeline/Pipeline.php(144): Illuminate\\Foundation\\Http\\Kernel->Illuminate\\Foundation\\Http\\{closure}(Object(Illuminate\\Http\\Request))
#31 /var/www/vendor/laravel/framework/src/Illuminate/Foundation/Http/Middleware/TransformsRequest.php(21): Illuminate\\Pipeline\\Pipeline->Illuminate\\Pipeline\\{closure}(Object(Illuminate\\Http\\Request))
#32 /var/www/vendor/laravel/framework/src/Illuminate/Foundation/Http/Middleware/ConvertEmptyStringsToNull.php(31): Illuminate\\Foundation\\Http\\Middleware\\TransformsRequest->handle(Object(Illuminate\\Http\\Request), Object(Closure))
#33 /var/www/vendor/laravel/framework/src/Illuminate/Pipeline/Pipeline.php(183): Illuminate\\Foundation\\Http\\Middleware\\ConvertEmptyStringsToNull->handle(Object(Illuminate\\Http\\Request), Object(Closure))
#34 /var/www/vendor/laravel/framework/src/Illuminate/Foundation/Http/Middleware/TransformsRequest.php(21): Illuminate\\Pipeline\\Pipeline->Illuminate\\Pipeline\\{closure}(Object(Illuminate\\Http\\Request))
#35 /var/www/vendor/laravel/framework/src/Illuminate/Foundation/Http/Middleware/TrimStrings.php(51): Illuminate\\Foundation\\Http\\Middleware\\TransformsRequest->handle(Object(Illuminate\\Http\\Request), Object(Closure))
#36 /var/www/vendor/laravel/framework/src/Illuminate/Pipeline/Pipeline.php(183): Illuminate\\Foundation\\Http\\Middleware\\TrimStrings->handle(Object(Illuminate\\Http\\Request), Object(Closure))
#37 /var/www/vendor/laravel/framework/src/Illuminate/Http/Middleware/ValidatePostSize.php(27): Illuminate\\Pipeline\\Pipeline->Illuminate\\Pipeline\\{closure}(Object(Illuminate\\Http\\Request))
#38 /var/www/vendor/laravel/framework/src/Illuminate/Pipeline/Pipeline.php(183): Illuminate\\Http\\Middleware\\ValidatePostSize->handle(Object(Illuminate\\Http\\Request), Object(Closure))
#39 /var/www/vendor/laravel/framework/src/Illuminate/Foundation/Http/Middleware/PreventRequestsDuringMaintenance.php(110): Illuminate\\Pipeline\\Pipeline->Illuminate\\Pipeline\\{closure}(Object(Illuminate\\Http\\Request))
#40 /var/www/vendor/laravel/framework/src/Illuminate/Pipeline/Pipeline.php(183): Illuminate\\Foundation\\Http\\Middleware\\PreventRequestsDuringMaintenance->handle(Object(Illuminate\\Http\\Request), Object(Closure))
#41 /var/www/vendor/laravel/framework/src/Illuminate/Http/Middleware/HandleCors.php(49): Illuminate\\Pipeline\\Pipeline->Illuminate\\Pipeline\\{closure}(Object(Illuminate\\Http\\Request))
#42 /var/www/vendor/laravel/framework/src/Illuminate/Pipeline/Pipeline.php(183): Illuminate\\Http\\Middleware\\HandleCors->handle(Object(Illuminate\\Http\\Request), Object(Closure))
#43 /var/www/vendor/laravel/framework/src/Illuminate/Http/Middleware/TrustProxies.php(58): Illuminate\\Pipeline\\Pipeline->Illuminate\\Pipeline\\{closure}(Object(Illuminate\\Http\\Request))
#44 /var/www/vendor/laravel/framework/src/Illuminate/Pipeline/Pipeline.php(183): Illuminate\\Http\\Middleware\\TrustProxies->handle(Object(Illuminate\\Http\\Request), Object(Closure))
#45 /var/www/vendor/laravel/framework/src/Illuminate/Foundation/Http/Middleware/InvokeDeferredCallbacks.php(22): Illuminate\\Pipeline\\Pipeline->Illuminate\\Pipeline\\{closure}(Object(Illuminate\\Http\\Request))
#46 /var/www/vendor/laravel/framework/src/Illuminate/Pipeline/Pipeline.php(183): Illuminate\\Foundation\\Http\\Middleware\\InvokeDeferredCallbacks->handle(Object(Illuminate\\Http\\Request), Object(Closure))
#47 /var/www/vendor/laravel/framework/src/Illuminate/Pipeline/Pipeline.php(119): Illuminate\\Pipeline\\Pipeline->Illuminate\\Pipeline\\{closure}(Object(Illuminate\\Http\\Request))
#48 /var/www/vendor/laravel/framework/src/Illuminate/Foundation/Http/Kernel.php(176): Illuminate\\Pipeline\\Pipeline->then(Object(Closure))
#49 /var/www/vendor/laravel/framework/src/Illuminate/Foundation/Http/Kernel.php(145): Illuminate\\Foundation\\Http\\Kernel->sendRequestThroughRouter(Object(Illuminate\\Http\\Request))
#50 /var/www/vendor/laravel/framework/src/Illuminate/Foundation/Application.php(1190): Illuminate\\Foundation\\Http\\Kernel->handle(Object(Illuminate\\Http\\Request))
#51 /var/www/public/index.php(17): Illuminate\\Foundation\\Application->handleRequest(Object(Illuminate\\Http\\Request))
#52 /var/www/vendor/laravel/framework/src/Illuminate/Foundation/resources/server.php(23): require_once('/var/www/public...')
#53 {main}
"} 
[2024-12-30 10:31:43] local.ERROR: View [welcome] not found. {"exception":"[object] (InvalidArgumentException(code: 0): View [welcome] not found. at /var/www/vendor/laravel/framework/src/Illuminate/View/FileViewFinder.php:139)
[stacktrace]
#0 /var/www/vendor/laravel/framework/src/Illuminate/View/FileViewFinder.php(79): Illuminate\\View\\FileViewFinder->findInPaths('welcome', Array)
#1 /var/www/vendor/laravel/framework/src/Illuminate/View/Factory.php(151): Illuminate\\View\\FileViewFinder->find('welcome')
#2 /var/www/vendor/laravel/framework/src/Illuminate/Foundation/helpers.php(1062): Illuminate\\View\\Factory->make('welcome', Array, Array)
#3 /var/www/routes/web.php(11): view('welcome')
#4 /var/www/vendor/laravel/framework/src/Illuminate/Routing/CallableDispatcher.php(40): Illuminate\\Routing\\RouteFileRegistrar->{closure}()
#5 /var/www/vendor/laravel/framework/src/Illuminate/Routing/Route.php(244): Illuminate\\Routing\\CallableDispatcher->dispatch(Object(Illuminate\\Routing\\Route), Object(Closure))
#6 /var/www/vendor/laravel/framework/src/Illuminate/Routing/Route.php(215): Illuminate\\Routing\\Route->runCallable()
#7 /var/www/vendor/laravel/framework/src/Illuminate/Routing/Router.php(808): Illuminate\\Routing\\Route->run()
#8 /var/www/vendor/laravel/framework/src/Illuminate/Pipeline/Pipeline.php(144): Illuminate\\Routing\\Router->Illuminate\\Routing\\{closure}(Object(Illuminate\\Http\\Request))
#9 /var/www/app/Http/Middleware/CorsMiddleware.php(13): Illuminate\\Pipeline\\Pipeline->Illuminate\\Pipeline\\{closure}(Object(Illuminate\\Http\\Request))
#10 /var/www/vendor/laravel/framework/src/Illuminate/Pipeline/Pipeline.php(183): App\\Http\\Middleware\\CorsMiddleware->handle(Object(Illuminate\\Http\\Request), Object(Closure))
#11 /var/www/vendor/laravel/framework/src/Illuminate/Routing/Middleware/SubstituteBindings.php(51): Illuminate\\Pipeline\\Pipeline->Illuminate\\Pipeline\\{closure}(Object(Illuminate\\Http\\Request))
#12 /var/www/vendor/laravel/framework/src/Illuminate/Pipeline/Pipeline.php(183): Illuminate\\Routing\\Middleware\\SubstituteBindings->handle(Object(Illuminate\\Http\\Request), Object(Closure))
#13 /var/www/vendor/laravel/framework/src/Illuminate/Foundation/Http/Middleware/VerifyCsrfToken.php(88): Illuminate\\Pipeline\\Pipeline->Illuminate\\Pipeline\\{closure}(Object(Illuminate\\Http\\Request))
#14 /var/www/vendor/laravel/framework/src/Illuminate/Pipeline/Pipeline.php(183): Illuminate\\Foundation\\Http\\Middleware\\VerifyCsrfToken->handle(Object(Illuminate\\Http\\Request), Object(Closure))
#15 /var/www/vendor/laravel/framework/src/Illuminate/View/Middleware/ShareErrorsFromSession.php(49): Illuminate\\Pipeline\\Pipeline->Illuminate\\Pipeline\\{closure}(Object(Illuminate\\Http\\Request))
#16 /var/www/vendor/laravel/framework/src/Illuminate/Pipeline/Pipeline.php(183): Illuminate\\View\\Middleware\\ShareErrorsFromSession->handle(Object(Illuminate\\Http\\Request), Object(Closure))
#17 /var/www/vendor/laravel/framework/src/Illuminate/Session/Middleware/StartSession.php(121): Illuminate\\Pipeline\\Pipeline->Illuminate\\Pipeline\\{closure}(Object(Illuminate\\Http\\Request))
#18 /var/www/vendor/laravel/framework/src/Illuminate/Session/Middleware/StartSession.php(64): Illuminate\\Session\\Middleware\\StartSession->handleStatefulRequest(Object(Illuminate\\Http\\Request), Object(Illuminate\\Session\\Store), Object(Closure))
#19 /var/www/vendor/laravel/framework/src/Illuminate/Pipeline/Pipeline.php(183): Illuminate\\Session\\Middleware\\StartSession->handle(Object(Illuminate\\Http\\Request), Object(Closure))
#20 /var/www/vendor/laravel/framework/src/Illuminate/Cookie/Middleware/AddQueuedCookiesToResponse.php(37): Illuminate\\Pipeline\\Pipeline->Illuminate\\Pipeline\\{closure}(Object(Illuminate\\Http\\Request))
#21 /var/www/vendor/laravel/framework/src/Illuminate/Pipeline/Pipeline.php(183): Illuminate\\Cookie\\Middleware\\AddQueuedCookiesToResponse->handle(Object(Illuminate\\Http\\Request), Object(Closure))
#22 /var/www/vendor/laravel/framework/src/Illuminate/Cookie/Middleware/EncryptCookies.php(75): Illuminate\\Pipeline\\Pipeline->Illuminate\\Pipeline\\{closure}(Object(Illuminate\\Http\\Request))
#23 /var/www/vendor/laravel/framework/src/Illuminate/Pipeline/Pipeline.php(183): Illuminate\\Cookie\\Middleware\\EncryptCookies->handle(Object(Illuminate\\Http\\Request), Object(Closure))
#24 /var/www/vendor/laravel/framework/src/Illuminate/Pipeline/Pipeline.php(119): Illuminate\\Pipeline\\Pipeline->Illuminate\\Pipeline\\{closure}(Object(Illuminate\\Http\\Request))
#25 /var/www/vendor/laravel/framework/src/Illuminate/Routing/Router.php(807): Illuminate\\Pipeline\\Pipeline->then(Object(Closure))
#26 /var/www/vendor/laravel/framework/src/Illuminate/Routing/Router.php(786): Illuminate\\Routing\\Router->runRouteWithinStack(Object(Illuminate\\Routing\\Route), Object(Illuminate\\Http\\Request))
#27 /var/www/vendor/laravel/framework/src/Illuminate/Routing/Router.php(750): Illuminate\\Routing\\Router->runRoute(Object(Illuminate\\Http\\Request), Object(Illuminate\\Routing\\Route))
#28 /var/www/vendor/laravel/framework/src/Illuminate/Routing/Router.php(739): Illuminate\\Routing\\Router->dispatchToRoute(Object(Illuminate\\Http\\Request))
#29 /var/www/vendor/laravel/framework/src/Illuminate/Foundation/Http/Kernel.php(201): Illuminate\\Routing\\Router->dispatch(Object(Illuminate\\Http\\Request))
#30 /var/www/vendor/laravel/framework/src/Illuminate/Pipeline/Pipeline.php(144): Illuminate\\Foundation\\Http\\Kernel->Illuminate\\Foundation\\Http\\{closure}(Object(Illuminate\\Http\\Request))
#31 /var/www/vendor/laravel/framework/src/Illuminate/Foundation/Http/Middleware/TransformsRequest.php(21): Illuminate\\Pipeline\\Pipeline->Illuminate\\Pipeline\\{closure}(Object(Illuminate\\Http\\Request))
#32 /var/www/vendor/laravel/framework/src/Illuminate/Foundation/Http/Middleware/ConvertEmptyStringsToNull.php(31): Illuminate\\Foundation\\Http\\Middleware\\TransformsRequest->handle(Object(Illuminate\\Http\\Request), Object(Closure))
#33 /var/www/vendor/laravel/framework/src/Illuminate/Pipeline/Pipeline.php(183): Illuminate\\Foundation\\Http\\Middleware\\ConvertEmptyStringsToNull->handle(Object(Illuminate\\Http\\Request), Object(Closure))
#34 /var/www/vendor/laravel/framework/src/Illuminate/Foundation/Http/Middleware/TransformsRequest.php(21): Illuminate\\Pipeline\\Pipeline->Illuminate\\Pipeline\\{closure}(Object(Illuminate\\Http\\Request))
#35 /var/www/vendor/laravel/framework/src/Illuminate/Foundation/Http/Middleware/TrimStrings.php(51): Illuminate\\Foundation\\Http\\Middleware\\TransformsRequest->handle(Object(Illuminate\\Http\\Request), Object(Closure))
#36 /var/www/vendor/laravel/framework/src/Illuminate/Pipeline/Pipeline.php(183): Illuminate\\Foundation\\Http\\Middleware\\TrimStrings->handle(Object(Illuminate\\Http\\Request), Object(Closure))
#37 /var/www/vendor/laravel/framework/src/Illuminate/Http/Middleware/ValidatePostSize.php(27): Illuminate\\Pipeline\\Pipeline->Illuminate\\Pipeline\\{closure}(Object(Illuminate\\Http\\Request))
#38 /var/www/vendor/laravel/framework/src/Illuminate/Pipeline/Pipeline.php(183): Illuminate\\Http\\Middleware\\ValidatePostSize->handle(Object(Illuminate\\Http\\Request), Object(Closure))
#39 /var/www/vendor/laravel/framework/src/Illuminate/Foundation/Http/Middleware/PreventRequestsDuringMaintenance.php(110): Illuminate\\Pipeline\\Pipeline->Illuminate\\Pipeline\\{closure}(Object(Illuminate\\Http\\Request))
#40 /var/www/vendor/laravel/framework/src/Illuminate/Pipeline/Pipeline.php(183): Illuminate\\Foundation\\Http\\Middleware\\PreventRequestsDuringMaintenance->handle(Object(Illuminate\\Http\\Request), Object(Closure))
#41 /var/www/vendor/laravel/framework/src/Illuminate/Http/Middleware/HandleCors.php(49): Illuminate\\Pipeline\\Pipeline->Illuminate\\Pipeline\\{closure}(Object(Illuminate\\Http\\Request))
#42 /var/www/vendor/laravel/framework/src/Illuminate/Pipeline/Pipeline.php(183): Illuminate\\Http\\Middleware\\HandleCors->handle(Object(Illuminate\\Http\\Request), Object(Closure))
#43 /var/www/vendor/laravel/framework/src/Illuminate/Http/Middleware/TrustProxies.php(58): Illuminate\\Pipeline\\Pipeline->Illuminate\\Pipeline\\{closure}(Object(Illuminate\\Http\\Request))
#44 /var/www/vendor/laravel/framework/src/Illuminate/Pipeline/Pipeline.php(183): Illuminate\\Http\\Middleware\\TrustProxies->handle(Object(Illuminate\\Http\\Request), Object(Closure))
#45 /var/www/vendor/laravel/framework/src/Illuminate/Foundation/Http/Middleware/InvokeDeferredCallbacks.php(22): Illuminate\\Pipeline\\Pipeline->Illuminate\\Pipeline\\{closure}(Object(Illuminate\\Http\\Request))
#46 /var/www/vendor/laravel/framework/src/Illuminate/Pipeline/Pipeline.php(183): Illuminate\\Foundation\\Http\\Middleware\\InvokeDeferredCallbacks->handle(Object(Illuminate\\Http\\Request), Object(Closure))
#47 /var/www/vendor/laravel/framework/src/Illuminate/Pipeline/Pipeline.php(119): Illuminate\\Pipeline\\Pipeline->Illuminate\\Pipeline\\{closure}(Object(Illuminate\\Http\\Request))
#48 /var/www/vendor/laravel/framework/src/Illuminate/Foundation/Http/Kernel.php(176): Illuminate\\Pipeline\\Pipeline->then(Object(Closure))
#49 /var/www/vendor/laravel/framework/src/Illuminate/Foundation/Http/Kernel.php(145): Illuminate\\Foundation\\Http\\Kernel->sendRequestThroughRouter(Object(Illuminate\\Http\\Request))
#50 /var/www/vendor/laravel/framework/src/Illuminate/Foundation/Application.php(1190): Illuminate\\Foundation\\Http\\Kernel->handle(Object(Illuminate\\Http\\Request))
#51 /var/www/public/index.php(17): Illuminate\\Foundation\\Application->handleRequest(Object(Illuminate\\Http\\Request))
#52 /var/www/vendor/laravel/framework/src/Illuminate/Foundation/resources/server.php(23): require_once('/var/www/public...')
#53 {main}
"} 
[2024-12-30 10:32:02] local.ERROR: NewsAPI error for category business: {"status":"error","code":"apiKeyMissing","message":"Your API key is missing. Append this to the URL with the apiKey param, or use the x-api-key HTTP header."}  
[2024-12-30 10:32:03] local.ERROR: NewsAPI error for category entertainment: {"status":"error","code":"apiKeyMissing","message":"Your API key is missing. Append this to the URL with the apiKey param, or use the x-api-key HTTP header."}  
[2024-12-30 10:32:03] local.ERROR: NewsAPI error for category general: {"status":"error","code":"apiKeyMissing","message":"Your API key is missing. Append this to the URL with the apiKey param, or use the x-api-key HTTP header."}  
[2024-12-30 10:32:03] local.ERROR: NewsAPI error for category health: {"status":"error","code":"apiKeyMissing","message":"Your API key is missing. Append this to the URL with the apiKey param, or use the x-api-key HTTP header."}  
[2024-12-30 10:32:04] local.ERROR: NewsAPI error for category science: {"status":"error","code":"apiKeyMissing","message":"Your API key is missing. Append this to the URL with the apiKey param, or use the x-api-key HTTP header."}  
[2024-12-30 10:32:04] local.ERROR: NewsAPI error for category sports: {"status":"error","code":"apiKeyMissing","message":"Your API key is missing. Append this to the URL with the apiKey param, or use the x-api-key HTTP header."}  
[2024-12-30 10:32:04] local.ERROR: NewsAPI error for category technology: {"status":"error","code":"apiKeyMissing","message":"Your API key is missing. Append this to the URL with the apiKey param, or use the x-api-key HTTP header."}  
[2024-12-30 10:32:05] local.INFO: Sending request to NYT API {"url":"https://api.nytimes.com/svc/topstories/v2/home.json","params":{"api-key":null}} 
[2024-12-30 10:32:06] local.ERROR: Failed to fetch NYT top stories for section home: {"fault":{"faultstring":"Failed to resolve API Key variable request.queryparam.api-key","detail":{"errorcode":"steps.oauth.v2.FailedToResolveAPIKey"}}}  
[2024-12-30 10:32:06] local.ERROR: Failed to fetch NYT articles for section home. Response: null  
[2024-12-30 10:32:06] local.INFO: Sending request to NYT API {"url":"https://api.nytimes.com/svc/topstories/v2/world.json","params":{"api-key":null}} 
[2024-12-30 10:32:07] local.ERROR: Failed to fetch NYT top stories for section world: {"fault":{"faultstring":"Failed to resolve API Key variable request.queryparam.api-key","detail":{"errorcode":"steps.oauth.v2.FailedToResolveAPIKey"}}}  
[2024-12-30 10:32:07] local.ERROR: Failed to fetch NYT articles for section world. Response: null  
[2024-12-30 10:32:07] local.INFO: Sending request to NYT API {"url":"https://api.nytimes.com/svc/topstories/v2/politics.json","params":{"api-key":null}} 
[2024-12-30 10:32:08] local.ERROR: Failed to fetch NYT top stories for section politics: {"fault":{"faultstring":"Failed to resolve API Key variable request.queryparam.api-key","detail":{"errorcode":"steps.oauth.v2.FailedToResolveAPIKey"}}}  
[2024-12-30 10:32:08] local.ERROR: Failed to fetch NYT articles for section politics. Response: null  
[2024-12-30 10:32:08] local.INFO: Sending request to NYT API {"url":"https://api.nytimes.com/svc/topstories/v2/technology.json","params":{"api-key":null}} 
[2024-12-30 10:32:09] local.ERROR: Failed to fetch NYT top stories for section technology: {"fault":{"faultstring":"Failed to resolve API Key variable request.queryparam.api-key","detail":{"errorcode":"steps.oauth.v2.FailedToResolveAPIKey"}}}  
[2024-12-30 10:32:09] local.ERROR: Failed to fetch NYT articles for section technology. Response: null  
[2024-12-30 10:32:09] local.INFO: Sending request to NYT API {"url":"https://api.nytimes.com/svc/topstories/v2/health.json","params":{"api-key":null}} 
[2024-12-30 10:32:09] local.ERROR: Failed to fetch NYT top stories for section health: {"fault":{"faultstring":"Failed to resolve API Key variable request.queryparam.api-key","detail":{"errorcode":"steps.oauth.v2.FailedToResolveAPIKey"}}}  
[2024-12-30 10:32:09] local.ERROR: Failed to fetch NYT articles for section health. Response: null  
[2024-12-30 10:32:09] local.INFO: Sending request to NYT API {"url":"https://api.nytimes.com/svc/topstories/v2/science.json","params":{"api-key":null}} 
[2024-12-30 10:32:10] local.ERROR: Failed to fetch NYT top stories for section science: {"fault":{"faultstring":"Failed to resolve API Key variable request.queryparam.api-key","detail":{"errorcode":"steps.oauth.v2.FailedToResolveAPIKey"}}}  
[2024-12-30 10:32:10] local.ERROR: Failed to fetch NYT articles for section science. Response: null  
[2024-12-30 10:32:10] local.INFO: Sending request to NYT API {"url":"https://api.nytimes.com/svc/topstories/v2/sports.json","params":{"api-key":null}} 
[2024-12-30 10:32:11] local.ERROR: Failed to fetch NYT top stories for section sports: {"fault":{"faultstring":"Failed to resolve API Key variable request.queryparam.api-key","detail":{"errorcode":"steps.oauth.v2.FailedToResolveAPIKey"}}}  
[2024-12-30 10:32:11] local.ERROR: Failed to fetch NYT articles for section sports. Response: null  
[2024-12-30 10:32:13] local.ERROR: Failed to fetch articles from The Guardian: {
  "message":"No API key found in request"
}  
[2024-12-30 10:32:13] local.ERROR: Failed to fetch articles for category business. Response: null  
[2024-12-30 10:32:13] local.ERROR: Failed to fetch articles from The Guardian: {
  "message":"No API key found in request"
}  
[2024-12-30 10:32:13] local.ERROR: Failed to fetch articles for category entertainment. Response: null  
[2024-12-30 10:32:13] local.ERROR: Failed to fetch articles from The Guardian: {
  "message":"No API key found in request"
}  
[2024-12-30 10:32:13] local.ERROR: Failed to fetch articles for category general. Response: null  
[2024-12-30 10:32:14] local.ERROR: Failed to fetch articles from The Guardian: {
  "message":"No API key found in request"
}  
[2024-12-30 10:32:14] local.ERROR: Failed to fetch articles for category health. Response: null  
[2024-12-30 10:32:14] local.ERROR: Failed to fetch articles from The Guardian: {
  "message":"No API key found in request"
}  
[2024-12-30 10:32:14] local.ERROR: Failed to fetch articles for category science. Response: null  
[2024-12-30 10:32:14] local.ERROR: Failed to fetch articles from The Guardian: {
  "message":"No API key found in request"
}  
[2024-12-30 10:32:14] local.ERROR: Failed to fetch articles for category sports. Response: null  
[2024-12-30 10:32:15] local.ERROR: Failed to fetch articles from The Guardian: {
  "message":"No API key found in request"
}  
[2024-12-30 10:32:15] local.ERROR: Failed to fetch articles for category technology. Response: null  
[2024-12-30 10:32:16] local.INFO: Sending request to NYT API {"url":"https://api.nytimes.com/svc/topstories/v2/home.json","params":{"api-key":null}} 
[2024-12-30 10:32:17] local.ERROR: Failed to fetch NYT top stories for section home: {"fault":{"faultstring":"Failed to resolve API Key variable request.queryparam.api-key","detail":{"errorcode":"steps.oauth.v2.FailedToResolveAPIKey"}}}  
[2024-12-30 10:32:17] local.ERROR: Failed to fetch NYT articles for section home. Response: null  
[2024-12-30 10:32:17] local.INFO: Sending request to NYT API {"url":"https://api.nytimes.com/svc/topstories/v2/world.json","params":{"api-key":null}} 
[2024-12-30 10:32:18] local.ERROR: Failed to fetch NYT top stories for section world: {"fault":{"faultstring":"Failed to resolve API Key variable request.queryparam.api-key","detail":{"errorcode":"steps.oauth.v2.FailedToResolveAPIKey"}}}  
[2024-12-30 10:32:18] local.ERROR: Failed to fetch NYT articles for section world. Response: null  
[2024-12-30 10:32:18] local.INFO: Sending request to NYT API {"url":"https://api.nytimes.com/svc/topstories/v2/politics.json","params":{"api-key":null}} 
[2024-12-30 10:32:19] local.ERROR: Failed to fetch NYT top stories for section politics: {"fault":{"faultstring":"Failed to resolve API Key variable request.queryparam.api-key","detail":{"errorcode":"steps.oauth.v2.FailedToResolveAPIKey"}}}  
[2024-12-30 10:32:19] local.ERROR: Failed to fetch NYT articles for section politics. Response: null  
[2024-12-30 10:32:19] local.INFO: Sending request to NYT API {"url":"https://api.nytimes.com/svc/topstories/v2/technology.json","params":{"api-key":null}} 
[2024-12-30 10:32:19] local.ERROR: Failed to fetch NYT top stories for section technology: {"fault":{"faultstring":"Failed to resolve API Key variable request.queryparam.api-key","detail":{"errorcode":"steps.oauth.v2.FailedToResolveAPIKey"}}}  
[2024-12-30 10:32:19] local.ERROR: Failed to fetch NYT articles for section technology. Response: null  
[2024-12-30 10:32:19] local.INFO: Sending request to NYT API {"url":"https://api.nytimes.com/svc/topstories/v2/health.json","params":{"api-key":null}} 
[2024-12-30 10:32:20] local.ERROR: Failed to fetch NYT top stories for section health: {"fault":{"faultstring":"Failed to resolve API Key variable request.queryparam.api-key","detail":{"errorcode":"steps.oauth.v2.FailedToResolveAPIKey"}}}  
[2024-12-30 10:32:20] local.ERROR: Failed to fetch NYT articles for section health. Response: null  
[2024-12-30 10:32:20] local.INFO: Sending request to NYT API {"url":"https://api.nytimes.com/svc/topstories/v2/science.json","params":{"api-key":null}} 
[2024-12-30 10:32:21] local.ERROR: Failed to fetch NYT top stories for section science: {"fault":{"faultstring":"Failed to resolve API Key variable request.queryparam.api-key","detail":{"errorcode":"steps.oauth.v2.FailedToResolveAPIKey"}}}  
[2024-12-30 10:32:21] local.ERROR: Failed to fetch NYT articles for section science. Response: null  
[2024-12-30 10:32:21] local.INFO: Sending request to NYT API {"url":"https://api.nytimes.com/svc/topstories/v2/sports.json","params":{"api-key":null}} 
[2024-12-30 10:32:21] local.ERROR: Failed to fetch NYT top stories for section sports: {"fault":{"faultstring":"Failed to resolve API Key variable request.queryparam.api-key","detail":{"errorcode":"steps.oauth.v2.FailedToResolveAPIKey"}}}  
[2024-12-30 10:32:21] local.ERROR: Failed to fetch NYT articles for section sports. Response: null  
[2024-12-30 10:33:03] local.ERROR: Failed to fetch articles from The Guardian: {
  "message":"No API key found in request"
}  
[2024-12-30 10:33:03] local.ERROR: Failed to fetch articles for category business. Response: null  
[2024-12-30 10:33:03] local.ERROR: Failed to fetch articles from The Guardian: {
  "message":"No API key found in request"
}  
[2024-12-30 10:33:03] local.ERROR: Failed to fetch articles for category entertainment. Response: null  
[2024-12-30 10:33:03] local.ERROR: Failed to fetch articles from The Guardian: {
  "message":"No API key found in request"
}  
[2024-12-30 10:33:03] local.ERROR: Failed to fetch articles for category general. Response: null  
[2024-12-30 10:33:04] local.ERROR: Failed to fetch articles from The Guardian: {
  "message":"No API key found in request"
}  
[2024-12-30 10:33:04] local.ERROR: Failed to fetch articles for category health. Response: null  
[2024-12-30 10:33:04] local.ERROR: Failed to fetch articles from The Guardian: {
  "message":"No API key found in request"
}  
[2024-12-30 10:33:04] local.ERROR: Failed to fetch articles for category science. Response: null  
[2024-12-30 10:33:04] local.ERROR: Failed to fetch articles from The Guardian: {
  "message":"No API key found in request"
}  
[2024-12-30 10:33:04] local.ERROR: Failed to fetch articles for category sports. Response: null  
[2024-12-30 10:33:05] local.ERROR: Failed to fetch articles from The Guardian: {
  "message":"No API key found in request"
}  
[2024-12-30 10:33:05] local.ERROR: Failed to fetch articles for category technology. Response: null  
[2024-12-30 10:33:08] local.ERROR: NewsAPI error for category business: {"status":"error","code":"apiKeyMissing","message":"Your API key is missing. Append this to the URL with the apiKey param, or use the x-api-key HTTP header."}  
[2024-12-30 10:33:08] local.ERROR: NewsAPI error for category entertainment: {"status":"error","code":"apiKeyMissing","message":"Your API key is missing. Append this to the URL with the apiKey param, or use the x-api-key HTTP header."}  
[2024-12-30 10:33:09] local.ERROR: NewsAPI error for category general: {"status":"error","code":"apiKeyMissing","message":"Your API key is missing. Append this to the URL with the apiKey param, or use the x-api-key HTTP header."}  
[2024-12-30 10:33:09] local.ERROR: NewsAPI error for category health: {"status":"error","code":"apiKeyMissing","message":"Your API key is missing. Append this to the URL with the apiKey param, or use the x-api-key HTTP header."}  
[2024-12-30 10:33:09] local.ERROR: NewsAPI error for category science: {"status":"error","code":"apiKeyMissing","message":"Your API key is missing. Append this to the URL with the apiKey param, or use the x-api-key HTTP header."}  
[2024-12-30 10:33:10] local.ERROR: NewsAPI error for category sports: {"status":"error","code":"apiKeyMissing","message":"Your API key is missing. Append this to the URL with the apiKey param, or use the x-api-key HTTP header."}  
[2024-12-30 10:33:10] local.ERROR: NewsAPI error for category technology: {"status":"error","code":"apiKeyMissing","message":"Your API key is missing. Append this to the URL with the apiKey param, or use the x-api-key HTTP header."}  
[2024-12-30 10:33:11] local.INFO: Sending request to NYT API {"url":"https://api.nytimes.com/svc/topstories/v2/home.json","params":{"api-key":null}} 
[2024-12-30 10:33:12] local.ERROR: Failed to fetch NYT top stories for section home: {"fault":{"faultstring":"Failed to resolve API Key variable request.queryparam.api-key","detail":{"errorcode":"steps.oauth.v2.FailedToResolveAPIKey"}}}  
[2024-12-30 10:33:12] local.ERROR: Failed to fetch NYT articles for section home. Response: null  
[2024-12-30 10:33:12] local.INFO: Sending request to NYT API {"url":"https://api.nytimes.com/svc/topstories/v2/world.json","params":{"api-key":null}} 
[2024-12-30 10:33:13] local.ERROR: Failed to fetch NYT top stories for section world: {"fault":{"faultstring":"Failed to resolve API Key variable request.queryparam.api-key","detail":{"errorcode":"steps.oauth.v2.FailedToResolveAPIKey"}}}  
[2024-12-30 10:33:13] local.ERROR: Failed to fetch NYT articles for section world. Response: null  
[2024-12-30 10:33:13] local.INFO: Sending request to NYT API {"url":"https://api.nytimes.com/svc/topstories/v2/politics.json","params":{"api-key":null}} 
[2024-12-30 10:33:14] local.ERROR: Failed to fetch NYT top stories for section politics: {"fault":{"faultstring":"Failed to resolve API Key variable request.queryparam.api-key","detail":{"errorcode":"steps.oauth.v2.FailedToResolveAPIKey"}}}  
[2024-12-30 10:33:14] local.ERROR: Failed to fetch NYT articles for section politics. Response: null  
[2024-12-30 10:33:14] local.INFO: Sending request to NYT API {"url":"https://api.nytimes.com/svc/topstories/v2/technology.json","params":{"api-key":null}} 
[2024-12-30 10:33:15] local.ERROR: Failed to fetch NYT top stories for section technology: {"fault":{"faultstring":"Failed to resolve API Key variable request.queryparam.api-key","detail":{"errorcode":"steps.oauth.v2.FailedToResolveAPIKey"}}}  
[2024-12-30 10:33:15] local.ERROR: Failed to fetch NYT articles for section technology. Response: null  
[2024-12-30 10:33:15] local.INFO: Sending request to NYT API {"url":"https://api.nytimes.com/svc/topstories/v2/health.json","params":{"api-key":null}} 
[2024-12-30 10:33:15] local.ERROR: Failed to fetch NYT top stories for section health: {"fault":{"faultstring":"Failed to resolve API Key variable request.queryparam.api-key","detail":{"errorcode":"steps.oauth.v2.FailedToResolveAPIKey"}}}  
[2024-12-30 10:33:15] local.ERROR: Failed to fetch NYT articles for section health. Response: null  
[2024-12-30 10:33:15] local.INFO: Sending request to NYT API {"url":"https://api.nytimes.com/svc/topstories/v2/science.json","params":{"api-key":null}} 
[2024-12-30 10:33:16] local.ERROR: Failed to fetch NYT top stories for section science: {"fault":{"faultstring":"Failed to resolve API Key variable request.queryparam.api-key","detail":{"errorcode":"steps.oauth.v2.FailedToResolveAPIKey"}}}  
[2024-12-30 10:33:16] local.ERROR: Failed to fetch NYT articles for section science. Response: null  
[2024-12-30 10:33:16] local.INFO: Sending request to NYT API {"url":"https://api.nytimes.com/svc/topstories/v2/sports.json","params":{"api-key":null}} 
[2024-12-30 10:33:17] local.ERROR: Failed to fetch NYT top stories for section sports: {"fault":{"faultstring":"Failed to resolve API Key variable request.queryparam.api-key","detail":{"errorcode":"steps.oauth.v2.FailedToResolveAPIKey"}}}  
[2024-12-30 10:33:17] local.ERROR: Failed to fetch NYT articles for section sports. Response: null  
[2024-12-30 10:34:03] local.INFO: Sending request to NYT API {"url":"https://api.nytimes.com/svc/topstories/v2/home.json","params":{"api-key":null}} 
[2024-12-30 10:34:04] local.ERROR: Failed to fetch NYT top stories for section home: {"fault":{"faultstring":"Failed to resolve API Key variable request.queryparam.api-key","detail":{"errorcode":"steps.oauth.v2.FailedToResolveAPIKey"}}}  
[2024-12-30 10:34:04] local.ERROR: Failed to fetch NYT articles for section home. Response: null  
[2024-12-30 10:34:04] local.INFO: Sending request to NYT API {"url":"https://api.nytimes.com/svc/topstories/v2/world.json","params":{"api-key":null}} 
[2024-12-30 10:34:04] local.ERROR: Failed to fetch NYT top stories for section world: {"fault":{"faultstring":"Failed to resolve API Key variable request.queryparam.api-key","detail":{"errorcode":"steps.oauth.v2.FailedToResolveAPIKey"}}}  
[2024-12-30 10:34:04] local.ERROR: Failed to fetch NYT articles for section world. Response: null  
[2024-12-30 10:34:04] local.INFO: Sending request to NYT API {"url":"https://api.nytimes.com/svc/topstories/v2/politics.json","params":{"api-key":null}} 
[2024-12-30 10:34:05] local.ERROR: Failed to fetch NYT top stories for section politics: {"fault":{"faultstring":"Failed to resolve API Key variable request.queryparam.api-key","detail":{"errorcode":"steps.oauth.v2.FailedToResolveAPIKey"}}}  
[2024-12-30 10:34:05] local.ERROR: Failed to fetch NYT articles for section politics. Response: null  
[2024-12-30 10:34:05] local.INFO: Sending request to NYT API {"url":"https://api.nytimes.com/svc/topstories/v2/technology.json","params":{"api-key":null}} 
[2024-12-30 10:34:06] local.ERROR: Failed to fetch NYT top stories for section technology: {"fault":{"faultstring":"Failed to resolve API Key variable request.queryparam.api-key","detail":{"errorcode":"steps.oauth.v2.FailedToResolveAPIKey"}}}  
[2024-12-30 10:34:06] local.ERROR: Failed to fetch NYT articles for section technology. Response: null  
[2024-12-30 10:34:06] local.INFO: Sending request to NYT API {"url":"https://api.nytimes.com/svc/topstories/v2/health.json","params":{"api-key":null}} 
[2024-12-30 10:34:06] local.ERROR: Failed to fetch NYT top stories for section health: {"fault":{"faultstring":"Failed to resolve API Key variable request.queryparam.api-key","detail":{"errorcode":"steps.oauth.v2.FailedToResolveAPIKey"}}}  
[2024-12-30 10:34:07] local.ERROR: Failed to fetch NYT articles for section health. Response: null  
[2024-12-30 10:34:07] local.INFO: Sending request to NYT API {"url":"https://api.nytimes.com/svc/topstories/v2/science.json","params":{"api-key":null}} 
[2024-12-30 10:34:07] local.ERROR: Failed to fetch NYT top stories for section science: {"fault":{"faultstring":"Failed to resolve API Key variable request.queryparam.api-key","detail":{"errorcode":"steps.oauth.v2.FailedToResolveAPIKey"}}}  
[2024-12-30 10:34:07] local.ERROR: Failed to fetch NYT articles for section science. Response: null  
[2024-12-30 10:34:07] local.INFO: Sending request to NYT API {"url":"https://api.nytimes.com/svc/topstories/v2/sports.json","params":{"api-key":null}} 
[2024-12-30 10:34:08] local.ERROR: Failed to fetch NYT top stories for section sports: {"fault":{"faultstring":"Failed to resolve API Key variable request.queryparam.api-key","detail":{"errorcode":"steps.oauth.v2.FailedToResolveAPIKey"}}}  
[2024-12-30 10:34:08] local.ERROR: Failed to fetch NYT articles for section sports. Response: null  
[2024-12-30 10:34:10] local.ERROR: NewsAPI error for category business: {"status":"error","code":"apiKeyMissing","message":"Your API key is missing. Append this to the URL with the apiKey param, or use the x-api-key HTTP header."}  
[2024-12-30 10:34:11] local.ERROR: NewsAPI error for category entertainment: {"status":"error","code":"apiKeyMissing","message":"Your API key is missing. Append this to the URL with the apiKey param, or use the x-api-key HTTP header."}  
[2024-12-30 10:34:11] local.ERROR: NewsAPI error for category general: {"status":"error","code":"apiKeyMissing","message":"Your API key is missing. Append this to the URL with the apiKey param, or use the x-api-key HTTP header."}  
[2024-12-30 10:34:11] local.ERROR: NewsAPI error for category health: {"status":"error","code":"apiKeyMissing","message":"Your API key is missing. Append this to the URL with the apiKey param, or use the x-api-key HTTP header."}  
[2024-12-30 10:34:12] local.ERROR: NewsAPI error for category science: {"status":"error","code":"apiKeyMissing","message":"Your API key is missing. Append this to the URL with the apiKey param, or use the x-api-key HTTP header."}  
[2024-12-30 10:34:12] local.ERROR: NewsAPI error for category sports: {"status":"error","code":"apiKeyMissing","message":"Your API key is missing. Append this to the URL with the apiKey param, or use the x-api-key HTTP header."}  
[2024-12-30 10:34:12] local.ERROR: NewsAPI error for category technology: {"status":"error","code":"apiKeyMissing","message":"Your API key is missing. Append this to the URL with the apiKey param, or use the x-api-key HTTP header."}  
[2024-12-30 10:34:14] local.ERROR: Failed to fetch articles from The Guardian: {
  "message":"No API key found in request"
}  
[2024-12-30 10:34:14] local.ERROR: Failed to fetch articles for category business. Response: null  
[2024-12-30 10:34:14] local.ERROR: Failed to fetch articles from The Guardian: {
  "message":"No API key found in request"
}  
[2024-12-30 10:34:14] local.ERROR: Failed to fetch articles for category entertainment. Response: null  
[2024-12-30 10:34:15] local.ERROR: Failed to fetch articles from The Guardian: {
  "message":"No API key found in request"
}  
[2024-12-30 10:34:15] local.ERROR: Failed to fetch articles for category general. Response: null  
[2024-12-30 10:34:15] local.ERROR: Failed to fetch articles from The Guardian: {
  "message":"No API key found in request"
}  
[2024-12-30 10:34:15] local.ERROR: Failed to fetch articles for category health. Response: null  
[2024-12-30 10:34:15] local.ERROR: Failed to fetch articles from The Guardian: {
  "message":"No API key found in request"
}  
[2024-12-30 10:34:15] local.ERROR: Failed to fetch articles for category science. Response: null  
[2024-12-30 10:34:16] local.ERROR: Failed to fetch articles from The Guardian: {
  "message":"No API key found in request"
}  
[2024-12-30 10:34:16] local.ERROR: Failed to fetch articles for category sports. Response: null  
[2024-12-30 10:34:16] local.ERROR: Failed to fetch articles from The Guardian: {
  "message":"No API key found in request"
}  
[2024-12-30 10:34:16] local.ERROR: Failed to fetch articles for category technology. Response: null  
[2024-12-30 10:34:31] local.INFO: Sending request to NYT API {"url":"https://api.nytimes.com/svc/topstories/v2/home.json","params":{"api-key":null}} 
[2024-12-30 10:34:32] local.ERROR: Failed to fetch NYT top stories for section home: {"fault":{"faultstring":"Failed to resolve API Key variable request.queryparam.api-key","detail":{"errorcode":"steps.oauth.v2.FailedToResolveAPIKey"}}}  
[2024-12-30 10:34:32] local.ERROR: Failed to fetch NYT articles for section home. Response: null  
[2024-12-30 10:34:32] local.INFO: Sending request to NYT API {"url":"https://api.nytimes.com/svc/topstories/v2/world.json","params":{"api-key":null}} 
[2024-12-30 10:34:33] local.ERROR: Failed to fetch NYT top stories for section world: {"fault":{"faultstring":"Failed to resolve API Key variable request.queryparam.api-key","detail":{"errorcode":"steps.oauth.v2.FailedToResolveAPIKey"}}}  
[2024-12-30 10:34:33] local.ERROR: Failed to fetch NYT articles for section world. Response: null  
[2024-12-30 10:34:33] local.INFO: Sending request to NYT API {"url":"https://api.nytimes.com/svc/topstories/v2/politics.json","params":{"api-key":null}} 
[2024-12-30 10:34:33] local.ERROR: Failed to fetch NYT top stories for section politics: {"fault":{"faultstring":"Failed to resolve API Key variable request.queryparam.api-key","detail":{"errorcode":"steps.oauth.v2.FailedToResolveAPIKey"}}}  
[2024-12-30 10:34:33] local.ERROR: Failed to fetch NYT articles for section politics. Response: null  
[2024-12-30 10:34:33] local.INFO: Sending request to NYT API {"url":"https://api.nytimes.com/svc/topstories/v2/technology.json","params":{"api-key":null}} 
[2024-12-30 10:34:34] local.ERROR: Failed to fetch NYT top stories for section technology: {"fault":{"faultstring":"Failed to resolve API Key variable request.queryparam.api-key","detail":{"errorcode":"steps.oauth.v2.FailedToResolveAPIKey"}}}  
[2024-12-30 10:34:34] local.ERROR: Failed to fetch NYT articles for section technology. Response: null  
[2024-12-30 10:34:34] local.INFO: Sending request to NYT API {"url":"https://api.nytimes.com/svc/topstories/v2/health.json","params":{"api-key":null}} 
[2024-12-30 10:34:35] local.ERROR: Failed to fetch NYT top stories for section health: {"fault":{"faultstring":"Failed to resolve API Key variable request.queryparam.api-key","detail":{"errorcode":"steps.oauth.v2.FailedToResolveAPIKey"}}}  
[2024-12-30 10:34:35] local.ERROR: Failed to fetch NYT articles for section health. Response: null  
[2024-12-30 10:34:35] local.INFO: Sending request to NYT API {"url":"https://api.nytimes.com/svc/topstories/v2/science.json","params":{"api-key":null}} 
[2024-12-30 10:34:35] local.ERROR: Failed to fetch NYT top stories for section science: {"fault":{"faultstring":"Failed to resolve API Key variable request.queryparam.api-key","detail":{"errorcode":"steps.oauth.v2.FailedToResolveAPIKey"}}}  
[2024-12-30 10:34:35] local.ERROR: Failed to fetch NYT articles for section science. Response: null  
[2024-12-30 10:34:36] local.INFO: Sending request to NYT API {"url":"https://api.nytimes.com/svc/topstories/v2/sports.json","params":{"api-key":null}} 
[2024-12-30 10:34:36] local.ERROR: Failed to fetch NYT top stories for section sports: {"fault":{"faultstring":"Failed to resolve API Key variable request.queryparam.api-key","detail":{"errorcode":"steps.oauth.v2.FailedToResolveAPIKey"}}}  
[2024-12-30 10:34:36] local.ERROR: Failed to fetch NYT articles for section sports. Response: null  
[2024-12-30 10:34:56] local.ERROR: NewsAPI error for category business: {"status":"error","code":"apiKeyMissing","message":"Your API key is missing. Append this to the URL with the apiKey param, or use the x-api-key HTTP header."}  
[2024-12-30 10:34:57] local.ERROR: NewsAPI error for category entertainment: {"status":"error","code":"apiKeyMissing","message":"Your API key is missing. Append this to the URL with the apiKey param, or use the x-api-key HTTP header."}  
[2024-12-30 10:34:57] local.ERROR: NewsAPI error for category general: {"status":"error","code":"apiKeyMissing","message":"Your API key is missing. Append this to the URL with the apiKey param, or use the x-api-key HTTP header."}  
[2024-12-30 10:34:57] local.ERROR: NewsAPI error for category health: {"status":"error","code":"apiKeyMissing","message":"Your API key is missing. Append this to the URL with the apiKey param, or use the x-api-key HTTP header."}  
[2024-12-30 10:34:58] local.ERROR: NewsAPI error for category science: {"status":"error","code":"apiKeyMissing","message":"Your API key is missing. Append this to the URL with the apiKey param, or use the x-api-key HTTP header."}  
[2024-12-30 10:34:58] local.ERROR: NewsAPI error for category sports: {"status":"error","code":"apiKeyMissing","message":"Your API key is missing. Append this to the URL with the apiKey param, or use the x-api-key HTTP header."}  
[2024-12-30 10:34:59] local.ERROR: NewsAPI error for category technology: {"status":"error","code":"apiKeyMissing","message":"Your API key is missing. Append this to the URL with the apiKey param, or use the x-api-key HTTP header."}  
[2024-12-30 10:35:03] local.ERROR: Failed to fetch articles from The Guardian: {
  "message":"No API key found in request"
}  
[2024-12-30 10:35:03] local.ERROR: Failed to fetch articles for category business. Response: null  
[2024-12-30 10:35:03] local.ERROR: Failed to fetch articles from The Guardian: {
  "message":"No API key found in request"
}  
[2024-12-30 10:35:03] local.ERROR: Failed to fetch articles for category entertainment. Response: null  
[2024-12-30 10:35:04] local.ERROR: Failed to fetch articles from The Guardian: {
  "message":"No API key found in request"
}  
[2024-12-30 10:35:04] local.ERROR: Failed to fetch articles for category general. Response: null  
[2024-12-30 10:35:04] local.ERROR: Failed to fetch articles from The Guardian: {
  "message":"No API key found in request"
}  
[2024-12-30 10:35:04] local.ERROR: Failed to fetch articles for category health. Response: null  
[2024-12-30 10:35:04] local.ERROR: Failed to fetch articles from The Guardian: {
  "message":"No API key found in request"
}  
[2024-12-30 10:35:04] local.ERROR: Failed to fetch articles for category science. Response: null  
[2024-12-30 10:35:05] local.ERROR: Failed to fetch articles from The Guardian: {
  "message":"No API key found in request"
}  
[2024-12-30 10:35:05] local.ERROR: Failed to fetch articles for category sports. Response: null  
[2024-12-30 10:35:05] local.ERROR: Failed to fetch articles from The Guardian: {
  "message":"No API key found in request"
}  
[2024-12-30 10:35:05] local.ERROR: Failed to fetch articles for category technology. Response: null  
[2024-12-30 10:35:07] local.ERROR: NewsAPI error for category business: {"status":"error","code":"apiKeyMissing","message":"Your API key is missing. Append this to the URL with the apiKey param, or use the x-api-key HTTP header."}  
[2024-12-30 10:35:08] local.ERROR: NewsAPI error for category entertainment: {"status":"error","code":"apiKeyMissing","message":"Your API key is missing. Append this to the URL with the apiKey param, or use the x-api-key HTTP header."}  
[2024-12-30 10:35:08] local.ERROR: NewsAPI error for category general: {"status":"error","code":"apiKeyMissing","message":"Your API key is missing. Append this to the URL with the apiKey param, or use the x-api-key HTTP header."}  
[2024-12-30 10:35:08] local.ERROR: NewsAPI error for category health: {"status":"error","code":"apiKeyMissing","message":"Your API key is missing. Append this to the URL with the apiKey param, or use the x-api-key HTTP header."}  
[2024-12-30 10:35:09] local.ERROR: NewsAPI error for category science: {"status":"error","code":"apiKeyMissing","message":"Your API key is missing. Append this to the URL with the apiKey param, or use the x-api-key HTTP header."}  
[2024-12-30 10:35:09] local.ERROR: NewsAPI error for category sports: {"status":"error","code":"apiKeyMissing","message":"Your API key is missing. Append this to the URL with the apiKey param, or use the x-api-key HTTP header."}  
[2024-12-30 10:35:09] local.ERROR: NewsAPI error for category technology: {"status":"error","code":"apiKeyMissing","message":"Your API key is missing. Append this to the URL with the apiKey param, or use the x-api-key HTTP header."}  
[2024-12-30 10:35:11] local.INFO: Sending request to NYT API {"url":"https://api.nytimes.com/svc/topstories/v2/home.json","params":{"api-key":null}} 
[2024-12-30 10:35:12] local.ERROR: Failed to fetch NYT top stories for section home: {"fault":{"faultstring":"Failed to resolve API Key variable request.queryparam.api-key","detail":{"errorcode":"steps.oauth.v2.FailedToResolveAPIKey"}}}  
[2024-12-30 10:35:12] local.ERROR: Failed to fetch NYT articles for section home. Response: null  
[2024-12-30 10:35:12] local.INFO: Sending request to NYT API {"url":"https://api.nytimes.com/svc/topstories/v2/world.json","params":{"api-key":null}} 
[2024-12-30 10:35:13] local.ERROR: Failed to fetch NYT top stories for section world: {"fault":{"faultstring":"Failed to resolve API Key variable request.queryparam.api-key","detail":{"errorcode":"steps.oauth.v2.FailedToResolveAPIKey"}}}  
[2024-12-30 10:35:13] local.ERROR: Failed to fetch NYT articles for section world. Response: null  
[2024-12-30 10:35:13] local.INFO: Sending request to NYT API {"url":"https://api.nytimes.com/svc/topstories/v2/politics.json","params":{"api-key":null}} 
[2024-12-30 10:35:14] local.ERROR: Failed to fetch NYT top stories for section politics: {"fault":{"faultstring":"Failed to resolve API Key variable request.queryparam.api-key","detail":{"errorcode":"steps.oauth.v2.FailedToResolveAPIKey"}}}  
[2024-12-30 10:35:14] local.ERROR: Failed to fetch NYT articles for section politics. Response: null  
[2024-12-30 10:35:14] local.INFO: Sending request to NYT API {"url":"https://api.nytimes.com/svc/topstories/v2/technology.json","params":{"api-key":null}} 
[2024-12-30 10:35:15] local.ERROR: Failed to fetch NYT top stories for section technology: {"fault":{"faultstring":"Failed to resolve API Key variable request.queryparam.api-key","detail":{"errorcode":"steps.oauth.v2.FailedToResolveAPIKey"}}}  
[2024-12-30 10:35:15] local.ERROR: Failed to fetch NYT articles for section technology. Response: null  
[2024-12-30 10:35:15] local.INFO: Sending request to NYT API {"url":"https://api.nytimes.com/svc/topstories/v2/health.json","params":{"api-key":null}} 
[2024-12-30 10:35:15] local.ERROR: Failed to fetch NYT top stories for section health: {"fault":{"faultstring":"Failed to resolve API Key variable request.queryparam.api-key","detail":{"errorcode":"steps.oauth.v2.FailedToResolveAPIKey"}}}  
[2024-12-30 10:35:15] local.ERROR: Failed to fetch NYT articles for section health. Response: null  
[2024-12-30 10:35:15] local.INFO: Sending request to NYT API {"url":"https://api.nytimes.com/svc/topstories/v2/science.json","params":{"api-key":null}} 
[2024-12-30 10:35:16] local.ERROR: Failed to fetch NYT top stories for section science: {"fault":{"faultstring":"Failed to resolve API Key variable request.queryparam.api-key","detail":{"errorcode":"steps.oauth.v2.FailedToResolveAPIKey"}}}  
[2024-12-30 10:35:16] local.ERROR: Failed to fetch NYT articles for section science. Response: null  
[2024-12-30 10:35:16] local.INFO: Sending request to NYT API {"url":"https://api.nytimes.com/svc/topstories/v2/sports.json","params":{"api-key":null}} 
[2024-12-30 10:35:17] local.ERROR: Failed to fetch NYT top stories for section sports: {"fault":{"faultstring":"Failed to resolve API Key variable request.queryparam.api-key","detail":{"errorcode":"steps.oauth.v2.FailedToResolveAPIKey"}}}  
[2024-12-30 10:35:17] local.ERROR: Failed to fetch NYT articles for section sports. Response: null  
